# JRE version: Java(TM) SE Runtime Environment (8.0_201-b09) (build 1.8.0_201-b09)
# Java VM: Java HotSpot(TM) 64-Bit Server VM (25.201-b09 mixed mode windows-amd64 compressed oops)
Heap:
 PSYoungGen      total 166912K, used 125125K [0x000000076b780000, 0x000000077a680000, 0x00000007c0000000)
  eden space 127488K, 67% used [0x000000076b780000,0x0000000770b35670,0x0000000773400000)
  from space 39424K, 99% used [0x0000000776580000,0x0000000778bfbe00,0x0000000778c00000)
  to   space 50688K, 0% used [0x0000000773400000,0x0000000773400000,0x0000000776580000)
 ParOldGen       total 310272K, used 71590K [0x00000006c2600000, 0x00000006d5500000, 0x000000076b780000)
  object space 310272K, 23% used [0x00000006c2600000,0x00000006c6be99c0,0x00000006d5500000)
 Metaspace       used 81910K, capacity 88995K, committed 89108K, reserved 1126400K
  class space    used 10682K, capacity 11218K, committed 11324K, reserved 1048576K
GC Heap History (10 events):
Event: 6.651 GC heap before
{Heap before GC invocations=11 (full 2):
 PSYoungGen      total 126976K, used 37493K [0x000000076b780000, 0x0000000778780000, 0x00000007c0000000)
  eden space 110080K, 18% used [0x000000076b780000,0x000000076cba1700,0x0000000772300000)
  from space 16896K, 99% used [0x0000000773c00000,0x0000000774c7c070,0x0000000774c80000)
  to   space 25600K, 0% used [0x0000000772300000,0x0000000772300000,0x0000000773c00000)
 ParOldGen       total 202240K, used 37294K [0x00000006c2600000, 0x00000006ceb80000, 0x000000076b780000)
  object space 202240K, 18% used [0x00000006c2600000,0x00000006c4a6b890,0x00000006ceb80000)
 Metaspace       used 56733K, capacity 58963K, committed 59028K, reserved 1101824K
  class space    used 7272K, capacity 7585K, committed 7612K, reserved 1048576K
Event: 6.657 GC heap after
Heap after GC invocations=11 (full 2):
 PSYoungGen      total 135680K, used 20730K [0x000000076b780000, 0x0000000777100000, 0x00000007c0000000)
  eden space 110080K, 0% used [0x000000076b780000,0x000000076b780000,0x0000000772300000)
  from space 25600K, 80% used [0x0000000772300000,0x000000077373e8e0,0x0000000773c00000)
  to   space 27136K, 0% used [0x0000000775680000,0x0000000775680000,0x0000000777100000)
 ParOldGen       total 202240K, used 37302K [0x00000006c2600000, 0x00000006ceb80000, 0x000000076b780000)
  object space 202240K, 18% used [0x00000006c2600000,0x00000006c4a6d890,0x00000006ceb80000)
 Metaspace       used 56733K, capacity 58963K, committed 59028K, reserved 1101824K
  class space    used 7272K, capacity 7585K, committed 7612K, reserved 1048576K
}
Event: 6.657 GC heap before
{Heap before GC invocations=12 (full 3):
 PSYoungGen      total 135680K, used 20730K [0x000000076b780000, 0x0000000777100000, 0x00000007c0000000)
  eden space 110080K, 0% used [0x000000076b780000,0x000000076b780000,0x0000000772300000)
  from space 25600K, 80% used [0x0000000772300000,0x000000077373e8e0,0x0000000773c00000)
  to   space 27136K, 0% used [0x0000000775680000,0x0000000775680000,0x0000000777100000)
 ParOldGen       total 202240K, used 37302K [0x00000006c2600000, 0x00000006ceb80000, 0x000000076b780000)
  object space 202240K, 18% used [0x00000006c2600000,0x00000006c4a6d890,0x00000006ceb80000)
 Metaspace       used 56733K, capacity 58963K, committed 59028K, reserved 1101824K
  class space    used 7272K, capacity 7585K, committed 7612K, reserved 1048576K
Event: 6.784 GC heap after
Heap after GC invocations=12 (full 3):
 PSYoungGen      total 135680K, used 0K [0x000000076b780000, 0x0000000777100000, 0x00000007c0000000)
  eden space 110080K, 0% used [0x000000076b780000,0x000000076b780000,0x0000000772300000)
  from space 25600K, 0% used [0x0000000772300000,0x0000000772300000,0x0000000773c00000)
  to   space 27136K, 0% used [0x0000000775680000,0x0000000775680000,0x0000000777100000)
 ParOldGen       total 310272K, used 43180K [0x00000006c2600000, 0x00000006d5500000, 0x000000076b780000)
  object space 310272K, 13% used [0x00000006c2600000,0x00000006c502b000,0x00000006d5500000)
 Metaspace       used 56733K, capacity 58963K, committed 59028K, reserved 1101824K
  class space    used 7272K, capacity 7585K, committed 7612K, reserved 1048576K
}
Event: 8.811 GC heap before
{Heap before GC invocations=13 (full 3):
 PSYoungGen      total 135680K, used 110080K [0x000000076b780000, 0x0000000777100000, 0x00000007c0000000)
  eden space 110080K, 100% used [0x000000076b780000,0x0000000772300000,0x0000000772300000)
  from space 25600K, 0% used [0x0000000772300000,0x0000000772300000,0x0000000773c00000)
  to   space 27136K, 0% used [0x0000000775680000,0x0000000775680000,0x0000000777100000)
 ParOldGen       total 310272K, used 43180K [0x00000006c2600000, 0x00000006d5500000, 0x000000076b780000)
  object space 310272K, 13% used [0x00000006c2600000,0x00000006c502b000,0x00000006d5500000)
 Metaspace       used 62636K, capacity 66183K, committed 66452K, reserved 1107968K
  class space    used 7972K, capacity 8312K, committed 8380K, reserved 1048576K
Event: 8.825 GC heap after
Heap after GC invocations=13 (full 3):
 PSYoungGen      total 151040K, used 27118K [0x000000076b780000, 0x0000000777100000, 0x00000007c0000000)
  eden space 123904K, 0% used [0x000000076b780000,0x000000076b780000,0x0000000773080000)
  from space 27136K, 99% used [0x0000000775680000,0x00000007770fbaf8,0x0000000777100000)
  to   space 31232K, 0% used [0x0000000773400000,0x0000000773400000,0x0000000775280000)
 ParOldGen       total 310272K, used 45083K [0x00000006c2600000, 0x00000006d5500000, 0x000000076b780000)
  object space 310272K, 14% used [0x00000006c2600000,0x00000006c5206e70,0x00000006d5500000)
 Metaspace       used 62636K, capacity 66183K, committed 66452K, reserved 1107968K
  class space    used 7972K, capacity 8312K, committed 8380K, reserved 1048576K
}
Event: 11.119 GC heap before
{Heap before GC invocations=14 (full 3):
 PSYoungGen      total 151040K, used 151022K [0x000000076b780000, 0x0000000777100000, 0x00000007c0000000)
  eden space 123904K, 100% used [0x000000076b780000,0x0000000773080000,0x0000000773080000)
  from space 27136K, 99% used [0x0000000775680000,0x00000007770fbaf8,0x0000000777100000)
  to   space 31232K, 0% used [0x0000000773400000,0x0000000773400000,0x0000000775280000)
 ParOldGen       total 310272K, used 45083K [0x00000006c2600000, 0x00000006d5500000, 0x000000076b780000)
  object space 310272K, 14% used [0x00000006c2600000,0x00000006c5206e70,0x00000006d5500000)
 Metaspace       used 70077K, capacity 75157K, committed 75284K, reserved 1116160K
  class space    used 8870K, capacity 9254K, committed 9276K, reserved 1048576K
Event: 11.135 GC heap after
Heap after GC invocations=14 (full 3):
 PSYoungGen      total 158720K, used 31225K [0x000000076b780000, 0x0000000778c00000, 0x00000007c0000000)
  eden space 127488K, 0% used [0x000000076b780000,0x000000076b780000,0x0000000773400000)
  from space 31232K, 99% used [0x0000000773400000,0x000000077527e5d0,0x0000000775280000)
  to   space 39424K, 0% used [0x0000000776580000,0x0000000776580000,0x0000000778c00000)
 ParOldGen       total 310272K, used 56064K [0x00000006c2600000, 0x00000006d5500000, 0x000000076b780000)
  object space 310272K, 18% used [0x00000006c2600000,0x00000006c5cc02d0,0x00000006d5500000)
 Metaspace       used 70077K, capacity 75157K, committed 75284K, reserved 1116160K
  class space    used 8870K, capacity 9254K, committed 9276K, reserved 1048576K
}
Event: 12.743 GC heap before
{Heap before GC invocations=15 (full 3):
 PSYoungGen      total 158720K, used 158713K [0x000000076b780000, 0x0000000778c00000, 0x00000007c0000000)
  eden space 127488K, 100% used [0x000000076b780000,0x0000000773400000,0x0000000773400000)
  from space 31232K, 99% used [0x0000000773400000,0x000000077527e5d0,0x0000000775280000)
  to   space 39424K, 0% used [0x0000000776580000,0x0000000776580000,0x0000000778c00000)
 ParOldGen       total 310272K, used 56064K [0x00000006c2600000, 0x00000006d5500000, 0x000000076b780000)
  object space 310272K, 18% used [0x00000006c2600000,0x00000006c5cc02d0,0x00000006d5500000)
 Metaspace       used 79071K, capacity 85609K, committed 85780K, reserved 1124352K
  class space    used 10198K, capacity 10686K, committed 10812K, reserved 1048576K
Event: 12.763 GC heap after
Heap after GC invocations=15 (full 3):
 PSYoungGen      total 166912K, used 39407K [0x000000076b780000, 0x000000077a680000, 0x00000007c0000000)
  eden space 127488K, 0% used [0x000000076b780000,0x000000076b780000,0x0000000773400000)
  from space 39424K, 99% used [0x0000000776580000,0x0000000778bfbe00,0x0000000778c00000)
  to   space 50688K, 0% used [0x0000000773400000,0x0000000773400000,0x0000000776580000)
 ParOldGen       total 310272K, used 71590K [0x00000006c2600000, 0x00000006d5500000, 0x000000076b780000)
  object space 310272K, 23% used [0x00000006c2600000,0x00000006c6be99c0,0x00000006d5500000)
 Metaspace       used 79071K, capacity 85609K, committed 85780K, reserved 1124352K
  class space    used 10198K, capacity 10686K, committed 10812K, reserved 1048576K
}

