# JRE version: Java(TM) SE Runtime Environment (8.0_201-b09) (build 1.8.0_201-b09)
# Java VM: Java HotSpot(TM) 64-Bit Server VM (25.201-b09 mixed mode windows-amd64 compressed oops)
Heap:
 PSYoungGen      total 106496K, used 33548K [0x000000076b780000, 0x0000000772b80000, 0x00000007c0000000)
  eden space 95744K, 35% used [0x000000076b780000,0x000000076d843068,0x0000000771500000)
  from space 10752K, 0% used [0x0000000771f80000,0x0000000771f80000,0x0000000772a00000)
  to   space 10752K, 0% used [0x0000000771500000,0x0000000771500000,0x0000000771f80000)
 ParOldGen       total 164352K, used 13276K [0x00000006c2600000, 0x00000006cc680000, 0x000000076b780000)
  object space 164352K, 8% used [0x00000006c2600000,0x00000006c32f7110,0x00000006cc680000)
 Metaspace       used 37513K, capacity 39818K, committed 40064K, reserved 1083392K
  class space    used 5220K, capacity 5479K, committed 5504K, reserved 1048576K
GC Heap History (10 events):
Event: 1.262 GC heap before
{Heap before GC invocations=2 (full 0):
 PSYoungGen      total 75776K, used 36905K [0x000000076b780000, 0x0000000770c00000, 0x00000007c0000000)
  eden space 65024K, 40% used [0x000000076b780000,0x000000076d166fe0,0x000000076f700000)
  from space 10752K, 96% used [0x000000076f700000,0x00000007701234a8,0x0000000770180000)
  to   space 10752K, 0% used [0x0000000770180000,0x0000000770180000,0x0000000770c00000)
 ParOldGen       total 173568K, used 16K [0x00000006c2600000, 0x00000006ccf80000, 0x000000076b780000)
  object space 173568K, 0% used [0x00000006c2600000,0x00000006c2604000,0x00000006ccf80000)
 Metaspace       used 20428K, capacity 21180K, committed 21296K, reserved 1067008K
  class space    used 2703K, capacity 2856K, committed 2944K, reserved 1048576K
Event: 1.267 GC heap after
Heap after GC invocations=2 (full 0):
 PSYoungGen      total 75776K, used 7775K [0x000000076b780000, 0x0000000774b80000, 0x00000007c0000000)
  eden space 65024K, 0% used [0x000000076b780000,0x000000076b780000,0x000000076f700000)
  from space 10752K, 72% used [0x0000000770180000,0x0000000770917c78,0x0000000770c00000)
  to   space 10752K, 0% used [0x000000076f700000,0x000000076f700000,0x0000000770180000)
 ParOldGen       total 173568K, used 24K [0x00000006c2600000, 0x00000006ccf80000, 0x000000076b780000)
  object space 173568K, 0% used [0x00000006c2600000,0x00000006c2606000,0x00000006ccf80000)
 Metaspace       used 20428K, capacity 21180K, committed 21296K, reserved 1067008K
  class space    used 2703K, capacity 2856K, committed 2944K, reserved 1048576K
}
Event: 1.267 GC heap before
{Heap before GC invocations=3 (full 1):
 PSYoungGen      total 75776K, used 7775K [0x000000076b780000, 0x0000000774b80000, 0x00000007c0000000)
  eden space 65024K, 0% used [0x000000076b780000,0x000000076b780000,0x000000076f700000)
  from space 10752K, 72% used [0x0000000770180000,0x0000000770917c78,0x0000000770c00000)
  to   space 10752K, 0% used [0x000000076f700000,0x000000076f700000,0x0000000770180000)
 ParOldGen       total 173568K, used 24K [0x00000006c2600000, 0x00000006ccf80000, 0x000000076b780000)
  object space 173568K, 0% used [0x00000006c2600000,0x00000006c2606000,0x00000006ccf80000)
 Metaspace       used 20428K, capacity 21180K, committed 21296K, reserved 1067008K
  class space    used 2703K, capacity 2856K, committed 2944K, reserved 1048576K
Event: 1.284 GC heap after
Heap after GC invocations=3 (full 1):
 PSYoungGen      total 75776K, used 0K [0x000000076b780000, 0x0000000774b80000, 0x00000007c0000000)
  eden space 65024K, 0% used [0x000000076b780000,0x000000076b780000,0x000000076f700000)
  from space 10752K, 0% used [0x0000000770180000,0x0000000770180000,0x0000000770c00000)
  to   space 10752K, 0% used [0x000000076f700000,0x000000076f700000,0x0000000770180000)
 ParOldGen       total 104448K, used 7485K [0x00000006c2600000, 0x00000006c8c00000, 0x000000076b780000)
  object space 104448K, 7% used [0x00000006c2600000,0x00000006c2d4f4e0,0x00000006c8c00000)
 Metaspace       used 20428K, capacity 21180K, committed 21296K, reserved 1067008K
  class space    used 2703K, capacity 2856K, committed 2944K, reserved 1048576K
}
Event: 2.158 GC heap before
{Heap before GC invocations=4 (full 1):
 PSYoungGen      total 75776K, used 65024K [0x000000076b780000, 0x0000000774b80000, 0x00000007c0000000)
  eden space 65024K, 100% used [0x000000076b780000,0x000000076f700000,0x000000076f700000)
  from space 10752K, 0% used [0x0000000770180000,0x0000000770180000,0x0000000770c00000)
  to   space 10752K, 0% used [0x000000076f700000,0x000000076f700000,0x0000000770180000)
 ParOldGen       total 104448K, used 7485K [0x00000006c2600000, 0x00000006c8c00000, 0x000000076b780000)
  object space 104448K, 7% used [0x00000006c2600000,0x00000006c2d4f4e0,0x00000006c8c00000)
 Metaspace       used 29033K, capacity 30510K, committed 30720K, reserved 1075200K
  class space    used 4084K, capacity 4286K, committed 4352K, reserved 1048576K
Event: 2.164 GC heap after
Heap after GC invocations=4 (full 1):
 PSYoungGen      total 75776K, used 9978K [0x000000076b780000, 0x0000000772a00000, 0x00000007c0000000)
  eden space 65024K, 0% used [0x000000076b780000,0x000000076b780000,0x000000076f700000)
  from space 10752K, 92% used [0x000000076f700000,0x00000007700beaf8,0x0000000770180000)
  to   space 10752K, 0% used [0x0000000771f80000,0x0000000771f80000,0x0000000772a00000)
 ParOldGen       total 104448K, used 7493K [0x00000006c2600000, 0x00000006c8c00000, 0x000000076b780000)
  object space 104448K, 7% used [0x00000006c2600000,0x00000006c2d514e0,0x00000006c8c00000)
 Metaspace       used 29033K, capacity 30510K, committed 30720K, reserved 1075200K
  class space    used 4084K, capacity 4286K, committed 4352K, reserved 1048576K
}
Event: 2.479 GC heap before
{Heap before GC invocations=5 (full 1):
 PSYoungGen      total 75776K, used 44485K [0x000000076b780000, 0x0000000772a00000, 0x00000007c0000000)
  eden space 65024K, 53% used [0x000000076b780000,0x000000076d932c50,0x000000076f700000)
  from space 10752K, 92% used [0x000000076f700000,0x00000007700beaf8,0x0000000770180000)
  to   space 10752K, 0% used [0x0000000771f80000,0x0000000771f80000,0x0000000772a00000)
 ParOldGen       total 104448K, used 7493K [0x00000006c2600000, 0x00000006c8c00000, 0x000000076b780000)
  object space 104448K, 7% used [0x00000006c2600000,0x00000006c2d514e0,0x00000006c8c00000)
 Metaspace       used 33539K, capacity 35348K, committed 35456K, reserved 1079296K
  class space    used 4638K, capacity 4887K, committed 4992K, reserved 1048576K
Event: 2.484 GC heap after
Heap after GC invocations=5 (full 1):
 PSYoungGen      total 106496K, used 9022K [0x000000076b780000, 0x0000000772b80000, 0x00000007c0000000)
  eden space 95744K, 0% used [0x000000076b780000,0x000000076b780000,0x0000000771500000)
  from space 10752K, 83% used [0x0000000771f80000,0x000000077284fa40,0x0000000772a00000)
  to   space 10752K, 0% used [0x0000000771500000,0x0000000771500000,0x0000000771f80000)
 ParOldGen       total 104448K, used 7501K [0x00000006c2600000, 0x00000006c8c00000, 0x000000076b780000)
  object space 104448K, 7% used [0x00000006c2600000,0x00000006c2d534e0,0x00000006c8c00000)
 Metaspace       used 33539K, capacity 35348K, committed 35456K, reserved 1079296K
  class space    used 4638K, capacity 4887K, committed 4992K, reserved 1048576K
}
Event: 2.484 GC heap before
{Heap before GC invocations=6 (full 2):
 PSYoungGen      total 106496K, used 9022K [0x000000076b780000, 0x0000000772b80000, 0x00000007c0000000)
  eden space 95744K, 0% used [0x000000076b780000,0x000000076b780000,0x0000000771500000)
  from space 10752K, 83% used [0x0000000771f80000,0x000000077284fa40,0x0000000772a00000)
  to   space 10752K, 0% used [0x0000000771500000,0x0000000771500000,0x0000000771f80000)
 ParOldGen       total 104448K, used 7501K [0x00000006c2600000, 0x00000006c8c00000, 0x000000076b780000)
  object space 104448K, 7% used [0x00000006c2600000,0x00000006c2d534e0,0x00000006c8c00000)
 Metaspace       used 33539K, capacity 35348K, committed 35456K, reserved 1079296K
  class space    used 4638K, capacity 4887K, committed 4992K, reserved 1048576K
Event: 2.507 GC heap after
Heap after GC invocations=6 (full 2):
 PSYoungGen      total 106496K, used 0K [0x000000076b780000, 0x0000000772b80000, 0x00000007c0000000)
  eden space 95744K, 0% used [0x000000076b780000,0x000000076b780000,0x0000000771500000)
  from space 10752K, 0% used [0x0000000771f80000,0x0000000771f80000,0x0000000772a00000)
  to   space 10752K, 0% used [0x0000000771500000,0x0000000771500000,0x0000000771f80000)
 ParOldGen       total 164352K, used 13276K [0x00000006c2600000, 0x00000006cc680000, 0x000000076b780000)
  object space 164352K, 8% used [0x00000006c2600000,0x00000006c32f7110,0x00000006cc680000)
 Metaspace       used 33537K, capacity 35342K, committed 35456K, reserved 1079296K
  class space    used 4638K, capacity 4886K, committed 4992K, reserved 1048576K
}

