# JRE version: Java(TM) SE Runtime Environment (8.0_201-b09) (build 1.8.0_201-b09)
# Java VM: Java HotSpot(TM) 64-Bit Server VM (25.201-b09 mixed mode windows-amd64 compressed oops)
Heap:
 PSYoungGen      total 269312K, used 239636K [0x000000076b780000, 0x000000077fd80000, 0x00000007c0000000)
  eden space 206336K, 89% used [0x000000076b780000,0x0000000776b5caf0,0x0000000778100000)
  from space 62976K, 88% used [0x0000000778100000,0x000000077b728578,0x000000077be80000)
  to   space 60928K, 0% used [0x000000077be80000,0x000000077be80000,0x000000077fa00000)
 ParOldGen       total 227840K, used 176031K [0x00000006c2600000, 0x00000006d0480000, 0x000000076b780000)
  object space 227840K, 77% used [0x00000006c2600000,0x00000006cd1e7d68,0x00000006d0480000)
 Metaspace       used 57059K, capacity 61006K, committed 61184K, reserved 1101824K
  class space    used 8124K, capacity 8619K, committed 8704K, reserved 1048576K
GC Heap History (10 events):
Event: 9.551 GC heap before
{Heap before GC invocations=18 (full 5):
 PSYoungGen      total 201216K, used 187392K [0x000000076b780000, 0x000000077be80000, 0x00000007c0000000)
  eden space 187392K, 100% used [0x000000076b780000,0x0000000776e80000,0x0000000776e80000)
  from space 13824K, 0% used [0x0000000778e80000,0x0000000778e80000,0x0000000779c00000)
  to   space 32768K, 0% used [0x0000000776e80000,0x0000000776e80000,0x0000000778e80000)
 ParOldGen       total 227840K, used 163359K [0x00000006c2600000, 0x00000006d0480000, 0x000000076b780000)
  object space 227840K, 71% used [0x00000006c2600000,0x00000006cc587d68,0x00000006d0480000)
 Metaspace       used 56389K, capacity 60052K, committed 60288K, reserved 1101824K
  class space    used 8002K, capacity 8457K, committed 8576K, reserved 1048576K
Event: 9.557 GC heap after
Heap after GC invocations=18 (full 5):
 PSYoungGen      total 220160K, used 13376K [0x000000076b780000, 0x000000077be80000, 0x00000007c0000000)
  eden space 187392K, 0% used [0x000000076b780000,0x000000076b780000,0x0000000776e80000)
  from space 32768K, 40% used [0x0000000776e80000,0x0000000777b90000,0x0000000778e80000)
  to   space 13824K, 0% used [0x0000000778e80000,0x0000000778e80000,0x0000000779c00000)
 ParOldGen       total 227840K, used 163359K [0x00000006c2600000, 0x00000006d0480000, 0x000000076b780000)
  object space 227840K, 71% used [0x00000006c2600000,0x00000006cc587d68,0x00000006d0480000)
 Metaspace       used 56389K, capacity 60052K, committed 60288K, reserved 1101824K
  class space    used 8002K, capacity 8457K, committed 8576K, reserved 1048576K
}
Event: 10.118 GC heap before
{Heap before GC invocations=19 (full 5):
 PSYoungGen      total 220160K, used 200768K [0x000000076b780000, 0x000000077be80000, 0x00000007c0000000)
  eden space 187392K, 100% used [0x000000076b780000,0x0000000776e80000,0x0000000776e80000)
  from space 32768K, 40% used [0x0000000776e80000,0x0000000777b90000,0x0000000778e80000)
  to   space 13824K, 0% used [0x0000000778e80000,0x0000000778e80000,0x0000000779c00000)
 ParOldGen       total 227840K, used 163359K [0x00000006c2600000, 0x00000006d0480000, 0x000000076b780000)
  object space 227840K, 71% used [0x00000006c2600000,0x00000006cc587d68,0x00000006d0480000)
 Metaspace       used 56389K, capacity 60052K, committed 60288K, reserved 1101824K
  class space    used 8002K, capacity 8457K, committed 8576K, reserved 1048576K
Event: 10.128 GC heap after
Heap after GC invocations=19 (full 5):
 PSYoungGen      total 201216K, used 13792K [0x000000076b780000, 0x000000077be80000, 0x00000007c0000000)
  eden space 187392K, 0% used [0x000000076b780000,0x000000076b780000,0x0000000776e80000)
  from space 13824K, 99% used [0x0000000778e80000,0x0000000779bf83a8,0x0000000779c00000)
  to   space 32768K, 0% used [0x0000000776e80000,0x0000000776e80000,0x0000000778e80000)
 ParOldGen       total 227840K, used 176031K [0x00000006c2600000, 0x00000006d0480000, 0x000000076b780000)
  object space 227840K, 77% used [0x00000006c2600000,0x00000006cd1e7d68,0x00000006d0480000)
 Metaspace       used 56389K, capacity 60052K, committed 60288K, reserved 1101824K
  class space    used 8002K, capacity 8457K, committed 8576K, reserved 1048576K
}
Event: 10.680 GC heap before
{Heap before GC invocations=20 (full 5):
 PSYoungGen      total 201216K, used 201184K [0x000000076b780000, 0x000000077be80000, 0x00000007c0000000)
  eden space 187392K, 100% used [0x000000076b780000,0x0000000776e80000,0x0000000776e80000)
  from space 13824K, 99% used [0x0000000778e80000,0x0000000779bf83a8,0x0000000779c00000)
  to   space 32768K, 0% used [0x0000000776e80000,0x0000000776e80000,0x0000000778e80000)
 ParOldGen       total 227840K, used 176031K [0x00000006c2600000, 0x00000006d0480000, 0x000000076b780000)
  object space 227840K, 77% used [0x00000006c2600000,0x00000006cd1e7d68,0x00000006d0480000)
 Metaspace       used 56394K, capacity 60060K, committed 60288K, reserved 1101824K
  class space    used 8003K, capacity 8459K, committed 8576K, reserved 1048576K
Event: 10.689 GC heap after
Heap after GC invocations=20 (full 5):
 PSYoungGen      total 220160K, used 27296K [0x000000076b780000, 0x000000077fa00000, 0x00000007c0000000)
  eden space 187392K, 0% used [0x000000076b780000,0x000000076b780000,0x0000000776e80000)
  from space 32768K, 83% used [0x0000000776e80000,0x00000007789283a8,0x0000000778e80000)
  to   space 60928K, 0% used [0x000000077be80000,0x000000077be80000,0x000000077fa00000)
 ParOldGen       total 227840K, used 176031K [0x00000006c2600000, 0x00000006d0480000, 0x000000076b780000)
  object space 227840K, 77% used [0x00000006c2600000,0x00000006cd1e7d68,0x00000006d0480000)
 Metaspace       used 56394K, capacity 60060K, committed 60288K, reserved 1101824K
  class space    used 8003K, capacity 8459K, committed 8576K, reserved 1048576K
}
Event: 11.294 GC heap before
{Heap before GC invocations=21 (full 5):
 PSYoungGen      total 220160K, used 214688K [0x000000076b780000, 0x000000077fa00000, 0x00000007c0000000)
  eden space 187392K, 100% used [0x000000076b780000,0x0000000776e80000,0x0000000776e80000)
  from space 32768K, 83% used [0x0000000776e80000,0x00000007789283a8,0x0000000778e80000)
  to   space 60928K, 0% used [0x000000077be80000,0x000000077be80000,0x000000077fa00000)
 ParOldGen       total 227840K, used 176031K [0x00000006c2600000, 0x00000006d0480000, 0x000000076b780000)
  object space 227840K, 77% used [0x00000006c2600000,0x00000006cd1e7d68,0x00000006d0480000)
 Metaspace       used 56395K, capacity 60060K, committed 60288K, reserved 1101824K
  class space    used 8003K, capacity 8459K, committed 8576K, reserved 1048576K
Event: 11.307 GC heap after
Heap after GC invocations=21 (full 5):
 PSYoungGen      total 267264K, used 40513K [0x000000076b780000, 0x000000077fd80000, 0x00000007c0000000)
  eden space 206336K, 0% used [0x000000076b780000,0x000000076b780000,0x0000000778100000)
  from space 60928K, 66% used [0x000000077be80000,0x000000077e610578,0x000000077fa00000)
  to   space 62976K, 0% used [0x0000000778100000,0x0000000778100000,0x000000077be80000)
 ParOldGen       total 227840K, used 176031K [0x00000006c2600000, 0x00000006d0480000, 0x000000076b780000)
  object space 227840K, 77% used [0x00000006c2600000,0x00000006cd1e7d68,0x00000006d0480000)
 Metaspace       used 56395K, capacity 60060K, committed 60288K, reserved 1101824K
  class space    used 8003K, capacity 8459K, committed 8576K, reserved 1048576K
}
Event: 11.916 GC heap before
{Heap before GC invocations=22 (full 5):
 PSYoungGen      total 267264K, used 246849K [0x000000076b780000, 0x000000077fd80000, 0x00000007c0000000)
  eden space 206336K, 100% used [0x000000076b780000,0x0000000778100000,0x0000000778100000)
  from space 60928K, 66% used [0x000000077be80000,0x000000077e610578,0x000000077fa00000)
  to   space 62976K, 0% used [0x0000000778100000,0x0000000778100000,0x000000077be80000)
 ParOldGen       total 227840K, used 176031K [0x00000006c2600000, 0x00000006d0480000, 0x000000076b780000)
  object space 227840K, 77% used [0x00000006c2600000,0x00000006cd1e7d68,0x00000006d0480000)
 Metaspace       used 56395K, capacity 60060K, committed 60288K, reserved 1101824K
  class space    used 8003K, capacity 8459K, committed 8576K, reserved 1048576K
Event: 11.931 GC heap after
Heap after GC invocations=22 (full 5):
 PSYoungGen      total 269312K, used 55457K [0x000000076b780000, 0x000000077fd80000, 0x00000007c0000000)
  eden space 206336K, 0% used [0x000000076b780000,0x000000076b780000,0x0000000778100000)
  from space 62976K, 88% used [0x0000000778100000,0x000000077b728578,0x000000077be80000)
  to   space 60928K, 0% used [0x000000077be80000,0x000000077be80000,0x000000077fa00000)
 ParOldGen       total 227840K, used 176031K [0x00000006c2600000, 0x00000006d0480000, 0x000000076b780000)
  object space 227840K, 77% used [0x00000006c2600000,0x00000006cd1e7d68,0x00000006d0480000)
 Metaspace       used 56395K, capacity 60060K, committed 60288K, reserved 1101824K
  class space    used 8003K, capacity 8459K, committed 8576K, reserved 1048576K
}

