# JRE version: Java(TM) SE Runtime Environment (8.0_201-b09) (build 1.8.0_201-b09)
# Java VM: Java HotSpot(TM) 64-Bit Server VM (25.201-b09 mixed mode windows-amd64 compressed oops)
Heap:
 PSYoungGen      total 75776K, used 54715K [0x000000076b780000, 0x0000000770c00000, 0x00000007c0000000)
  eden space 65024K, 84% used [0x000000076b780000,0x000000076eceef18,0x000000076f700000)
  from space 10752K, 0% used [0x0000000770180000,0x0000000770180000,0x0000000770c00000)
  to   space 10752K, 0% used [0x000000076f700000,0x000000076f700000,0x0000000770180000)
 ParOldGen       total 108544K, used 7582K [0x00000006c2600000, 0x00000006c9000000, 0x000000076b780000)
  object space 108544K, 6% used [0x00000006c2600000,0x00000006c2d67938,0x00000006c9000000)
 Metaspace       used 27393K, capacity 28748K, committed 28928K, reserved 1075200K
  class space    used 3881K, capacity 4053K, committed 4096K, reserved 1048576K
GC Heap History (6 events):
Event: 0.883 GC heap before
{Heap before GC invocations=1 (full 0):
 PSYoungGen      total 75776K, used 65024K [0x000000076b780000, 0x0000000770c00000, 0x00000007c0000000)
  eden space 65024K, 100% used [0x000000076b780000,0x000000076f700000,0x000000076f700000)
  from space 10752K, 0% used [0x0000000770180000,0x0000000770180000,0x0000000770c00000)
  to   space 10752K, 0% used [0x000000076f700000,0x000000076f700000,0x0000000770180000)
 ParOldGen       total 173568K, used 0K [0x00000006c2600000, 0x00000006ccf80000, 0x000000076b780000)
  object space 173568K, 0% used [0x00000006c2600000,0x00000006c2600000,0x00000006ccf80000)
 Metaspace       used 15209K, capacity 15822K, committed 15872K, reserved 1062912K
  class space    used 1856K, capacity 2001K, committed 2048K, reserved 1048576K
Event: 0.889 GC heap after
Heap after GC invocations=1 (full 0):
 PSYoungGen      total 75776K, used 10382K [0x000000076b780000, 0x0000000770c00000, 0x00000007c0000000)
  eden space 65024K, 0% used [0x000000076b780000,0x000000076b780000,0x000000076f700000)
  from space 10752K, 96% used [0x000000076f700000,0x00000007701239a0,0x0000000770180000)
  to   space 10752K, 0% used [0x0000000770180000,0x0000000770180000,0x0000000770c00000)
 ParOldGen       total 173568K, used 16K [0x00000006c2600000, 0x00000006ccf80000, 0x000000076b780000)
  object space 173568K, 0% used [0x00000006c2600000,0x00000006c2604000,0x00000006ccf80000)
 Metaspace       used 15209K, capacity 15822K, committed 15872K, reserved 1062912K
  class space    used 1856K, capacity 2001K, committed 2048K, reserved 1048576K
}
Event: 1.143 GC heap before
{Heap before GC invocations=2 (full 0):
 PSYoungGen      total 75776K, used 38289K [0x000000076b780000, 0x0000000770c00000, 0x00000007c0000000)
  eden space 65024K, 42% used [0x000000076b780000,0x000000076d2c0d98,0x000000076f700000)
  from space 10752K, 96% used [0x000000076f700000,0x00000007701239a0,0x0000000770180000)
  to   space 10752K, 0% used [0x0000000770180000,0x0000000770180000,0x0000000770c00000)
 ParOldGen       total 173568K, used 16K [0x00000006c2600000, 0x00000006ccf80000, 0x000000076b780000)
  object space 173568K, 0% used [0x00000006c2600000,0x00000006c2604000,0x00000006ccf80000)
 Metaspace       used 20456K, capacity 21168K, committed 21296K, reserved 1067008K
  class space    used 2700K, capacity 2864K, committed 2944K, reserved 1048576K
Event: 1.148 GC heap after
Heap after GC invocations=2 (full 0):
 PSYoungGen      total 75776K, used 8008K [0x000000076b780000, 0x0000000770c00000, 0x00000007c0000000)
  eden space 65024K, 0% used [0x000000076b780000,0x000000076b780000,0x000000076f700000)
  from space 10752K, 74% used [0x0000000770180000,0x0000000770952138,0x0000000770c00000)
  to   space 10752K, 0% used [0x000000076f700000,0x000000076f700000,0x0000000770180000)
 ParOldGen       total 173568K, used 24K [0x00000006c2600000, 0x00000006ccf80000, 0x000000076b780000)
  object space 173568K, 0% used [0x00000006c2600000,0x00000006c2606000,0x00000006ccf80000)
 Metaspace       used 20456K, capacity 21168K, committed 21296K, reserved 1067008K
  class space    used 2700K, capacity 2864K, committed 2944K, reserved 1048576K
}
Event: 1.148 GC heap before
{Heap before GC invocations=3 (full 1):
 PSYoungGen      total 75776K, used 8008K [0x000000076b780000, 0x0000000770c00000, 0x00000007c0000000)
  eden space 65024K, 0% used [0x000000076b780000,0x000000076b780000,0x000000076f700000)
  from space 10752K, 74% used [0x0000000770180000,0x0000000770952138,0x0000000770c00000)
  to   space 10752K, 0% used [0x000000076f700000,0x000000076f700000,0x0000000770180000)
 ParOldGen       total 173568K, used 24K [0x00000006c2600000, 0x00000006ccf80000, 0x000000076b780000)
  object space 173568K, 0% used [0x00000006c2600000,0x00000006c2606000,0x00000006ccf80000)
 Metaspace       used 20456K, capacity 21168K, committed 21296K, reserved 1067008K
  class space    used 2700K, capacity 2864K, committed 2944K, reserved 1048576K
Event: 1.165 GC heap after
Heap after GC invocations=3 (full 1):
 PSYoungGen      total 75776K, used 0K [0x000000076b780000, 0x0000000770c00000, 0x00000007c0000000)
  eden space 65024K, 0% used [0x000000076b780000,0x000000076b780000,0x000000076f700000)
  from space 10752K, 0% used [0x0000000770180000,0x0000000770180000,0x0000000770c00000)
  to   space 10752K, 0% used [0x000000076f700000,0x000000076f700000,0x0000000770180000)
 ParOldGen       total 108544K, used 7582K [0x00000006c2600000, 0x00000006c9000000, 0x000000076b780000)
  object space 108544K, 6% used [0x00000006c2600000,0x00000006c2d67938,0x00000006c9000000)
 Metaspace       used 20456K, capacity 21168K, committed 21296K, reserved 1067008K
  class space    used 2700K, capacity 2864K, committed 2944K, reserved 1048576K
}

