# JRE version: Java(TM) SE Runtime Environment (8.0_201-b09) (build 1.8.0_201-b09)
# Java VM: Java HotSpot(TM) 64-Bit Server VM (25.201-b09 mixed mode windows-amd64 compressed oops)
Heap:
 PSYoungGen      total 104448K, used 16084K [0x000000076b780000, 0x0000000772a80000, 0x00000007c0000000)
  eden space 93696K, 17% used [0x000000076b780000,0x000000076c735228,0x0000000771300000)
  from space 10752K, 0% used [0x0000000771d80000,0x0000000771d80000,0x0000000772800000)
  to   space 10752K, 0% used [0x0000000771300000,0x0000000771300000,0x0000000771d80000)
 ParOldGen       total 105472K, used 13487K [0x00000006c2600000, 0x00000006c8d00000, 0x000000076b780000)
  object space 105472K, 12% used [0x00000006c2600000,0x00000006c332bfe8,0x00000006c8d00000)
 Metaspace       used 35278K, capacity 37312K, committed 37504K, reserved 1081344K
  class space    used 4886K, capacity 5124K, committed 5248K, reserved 1048576K
GC Heap History (10 events):
Event: 1.141 GC heap before
{Heap before GC invocations=2 (full 0):
 PSYoungGen      total 75776K, used 38287K [0x000000076b780000, 0x0000000770c00000, 0x00000007c0000000)
  eden space 65024K, 42% used [0x000000076b780000,0x000000076d2cc650,0x000000076f700000)
  from space 10752K, 96% used [0x000000076f700000,0x0000000770117738,0x0000000770180000)
  to   space 10752K, 0% used [0x0000000770180000,0x0000000770180000,0x0000000770c00000)
 ParOldGen       total 173568K, used 16K [0x00000006c2600000, 0x00000006ccf80000, 0x000000076b780000)
  object space 173568K, 0% used [0x00000006c2600000,0x00000006c2604000,0x00000006ccf80000)
 Metaspace       used 20459K, capacity 21172K, committed 21296K, reserved 1067008K
  class space    used 2700K, capacity 2864K, committed 2944K, reserved 1048576K
Event: 1.147 GC heap after
Heap after GC invocations=2 (full 0):
 PSYoungGen      total 75776K, used 7915K [0x000000076b780000, 0x0000000770c00000, 0x00000007c0000000)
  eden space 65024K, 0% used [0x000000076b780000,0x000000076b780000,0x000000076f700000)
  from space 10752K, 73% used [0x0000000770180000,0x000000077093af98,0x0000000770c00000)
  to   space 10752K, 0% used [0x000000076f700000,0x000000076f700000,0x0000000770180000)
 ParOldGen       total 173568K, used 24K [0x00000006c2600000, 0x00000006ccf80000, 0x000000076b780000)
  object space 173568K, 0% used [0x00000006c2600000,0x00000006c2606000,0x00000006ccf80000)
 Metaspace       used 20459K, capacity 21172K, committed 21296K, reserved 1067008K
  class space    used 2700K, capacity 2864K, committed 2944K, reserved 1048576K
}
Event: 1.147 GC heap before
{Heap before GC invocations=3 (full 1):
 PSYoungGen      total 75776K, used 7915K [0x000000076b780000, 0x0000000770c00000, 0x00000007c0000000)
  eden space 65024K, 0% used [0x000000076b780000,0x000000076b780000,0x000000076f700000)
  from space 10752K, 73% used [0x0000000770180000,0x000000077093af98,0x0000000770c00000)
  to   space 10752K, 0% used [0x000000076f700000,0x000000076f700000,0x0000000770180000)
 ParOldGen       total 173568K, used 24K [0x00000006c2600000, 0x00000006ccf80000, 0x000000076b780000)
  object space 173568K, 0% used [0x00000006c2600000,0x00000006c2606000,0x00000006ccf80000)
 Metaspace       used 20459K, capacity 21172K, committed 21296K, reserved 1067008K
  class space    used 2700K, capacity 2864K, committed 2944K, reserved 1048576K
Event: 1.164 GC heap after
Heap after GC invocations=3 (full 1):
 PSYoungGen      total 75776K, used 0K [0x000000076b780000, 0x0000000770c00000, 0x00000007c0000000)
  eden space 65024K, 0% used [0x000000076b780000,0x000000076b780000,0x000000076f700000)
  from space 10752K, 0% used [0x0000000770180000,0x0000000770180000,0x0000000770c00000)
  to   space 10752K, 0% used [0x000000076f700000,0x000000076f700000,0x0000000770180000)
 ParOldGen       total 105472K, used 7587K [0x00000006c2600000, 0x00000006c8d00000, 0x000000076b780000)
  object space 105472K, 7% used [0x00000006c2600000,0x00000006c2d68e50,0x00000006c8d00000)
 Metaspace       used 20459K, capacity 21172K, committed 21296K, reserved 1067008K
  class space    used 2700K, capacity 2864K, committed 2944K, reserved 1048576K
}
Event: 1.992 GC heap before
{Heap before GC invocations=4 (full 1):
 PSYoungGen      total 75776K, used 65024K [0x000000076b780000, 0x0000000770c00000, 0x00000007c0000000)
  eden space 65024K, 100% used [0x000000076b780000,0x000000076f700000,0x000000076f700000)
  from space 10752K, 0% used [0x0000000770180000,0x0000000770180000,0x0000000770c00000)
  to   space 10752K, 0% used [0x000000076f700000,0x000000076f700000,0x0000000770180000)
 ParOldGen       total 105472K, used 7587K [0x00000006c2600000, 0x00000006c8d00000, 0x000000076b780000)
  object space 105472K, 7% used [0x00000006c2600000,0x00000006c2d68e50,0x00000006c8d00000)
 Metaspace       used 28899K, capacity 30434K, committed 30720K, reserved 1075200K
  class space    used 4073K, capacity 4312K, committed 4352K, reserved 1048576K
Event: 1.996 GC heap after
Heap after GC invocations=4 (full 1):
 PSYoungGen      total 75776K, used 9774K [0x000000076b780000, 0x0000000772800000, 0x00000007c0000000)
  eden space 65024K, 0% used [0x000000076b780000,0x000000076b780000,0x000000076f700000)
  from space 10752K, 90% used [0x000000076f700000,0x000000077008b878,0x0000000770180000)
  to   space 10752K, 0% used [0x0000000771d80000,0x0000000771d80000,0x0000000772800000)
 ParOldGen       total 105472K, used 7595K [0x00000006c2600000, 0x00000006c8d00000, 0x000000076b780000)
  object space 105472K, 7% used [0x00000006c2600000,0x00000006c2d6ae50,0x00000006c8d00000)
 Metaspace       used 28899K, capacity 30434K, committed 30720K, reserved 1075200K
  class space    used 4073K, capacity 4312K, committed 4352K, reserved 1048576K
}
Event: 2.310 GC heap before
{Heap before GC invocations=5 (full 1):
 PSYoungGen      total 75776K, used 45911K [0x000000076b780000, 0x0000000772800000, 0x00000007c0000000)
  eden space 65024K, 55% used [0x000000076b780000,0x000000076daca5f0,0x000000076f700000)
  from space 10752K, 90% used [0x000000076f700000,0x000000077008b878,0x0000000770180000)
  to   space 10752K, 0% used [0x0000000771d80000,0x0000000771d80000,0x0000000772800000)
 ParOldGen       total 105472K, used 7595K [0x00000006c2600000, 0x00000006c8d00000, 0x000000076b780000)
  object space 105472K, 7% used [0x00000006c2600000,0x00000006c2d6ae50,0x00000006c8d00000)
 Metaspace       used 33624K, capacity 35432K, committed 35496K, reserved 1079296K
  class space    used 4639K, capacity 4862K, committed 4864K, reserved 1048576K
Event: 2.316 GC heap after
Heap after GC invocations=5 (full 1):
 PSYoungGen      total 104448K, used 9364K [0x000000076b780000, 0x0000000772a80000, 0x00000007c0000000)
  eden space 93696K, 0% used [0x000000076b780000,0x000000076b780000,0x0000000771300000)
  from space 10752K, 87% used [0x0000000771d80000,0x00000007726a5260,0x0000000772800000)
  to   space 10752K, 0% used [0x0000000771300000,0x0000000771300000,0x0000000771d80000)
 ParOldGen       total 105472K, used 7603K [0x00000006c2600000, 0x00000006c8d00000, 0x000000076b780000)
  object space 105472K, 7% used [0x00000006c2600000,0x00000006c2d6ce50,0x00000006c8d00000)
 Metaspace       used 33624K, capacity 35432K, committed 35496K, reserved 1079296K
  class space    used 4639K, capacity 4862K, committed 4864K, reserved 1048576K
}
Event: 2.316 GC heap before
{Heap before GC invocations=6 (full 2):
 PSYoungGen      total 104448K, used 9364K [0x000000076b780000, 0x0000000772a80000, 0x00000007c0000000)
  eden space 93696K, 0% used [0x000000076b780000,0x000000076b780000,0x0000000771300000)
  from space 10752K, 87% used [0x0000000771d80000,0x00000007726a5260,0x0000000772800000)
  to   space 10752K, 0% used [0x0000000771300000,0x0000000771300000,0x0000000771d80000)
 ParOldGen       total 105472K, used 7603K [0x00000006c2600000, 0x00000006c8d00000, 0x000000076b780000)
  object space 105472K, 7% used [0x00000006c2600000,0x00000006c2d6ce50,0x00000006c8d00000)
 Metaspace       used 33624K, capacity 35432K, committed 35496K, reserved 1079296K
  class space    used 4639K, capacity 4862K, committed 4864K, reserved 1048576K
Event: 2.337 GC heap after
Heap after GC invocations=6 (full 2):
 PSYoungGen      total 104448K, used 0K [0x000000076b780000, 0x0000000772a80000, 0x00000007c0000000)
  eden space 93696K, 0% used [0x000000076b780000,0x000000076b780000,0x0000000771300000)
  from space 10752K, 0% used [0x0000000771d80000,0x0000000771d80000,0x0000000772800000)
  to   space 10752K, 0% used [0x0000000771300000,0x0000000771300000,0x0000000771d80000)
 ParOldGen       total 105472K, used 13487K [0x00000006c2600000, 0x00000006c8d00000, 0x000000076b780000)
  object space 105472K, 12% used [0x00000006c2600000,0x00000006c332bfe8,0x00000006c8d00000)
 Metaspace       used 33621K, capacity 35426K, committed 35496K, reserved 1079296K
  class space    used 4638K, capacity 4861K, committed 4864K, reserved 1048576K
}

