# JRE version: Java(TM) SE Runtime Environment (8.0_201-b09) (build 1.8.0_201-b09)
# Java VM: Java HotSpot(TM) 64-Bit Server VM (25.201-b09 mixed mode windows-amd64 compressed oops)
Heap:
 PSYoungGen      total 135680K, used 32690K [0x000000076b780000, 0x0000000774d00000, 0x00000007c0000000)
  eden space 124416K, 17% used [0x000000076b780000,0x000000076cc727a0,0x0000000773100000)
  from space 11264K, 99% used [0x0000000773e00000,0x00000007748fa370,0x0000000774900000)
  to   space 13312K, 0% used [0x0000000773100000,0x0000000773100000,0x0000000773e00000)
 ParOldGen       total 174080K, used 15999K [0x00000006c2600000, 0x00000006cd000000, 0x000000076b780000)
  object space 174080K, 9% used [0x00000006c2600000,0x00000006c359ff60,0x00000006cd000000)
 Metaspace       used 54983K, capacity 58830K, committed 59136K, reserved 1099776K
  class space    used 7880K, capacity 8358K, committed 8448K, reserved 1048576K
GC Heap History (10 events):
Event: 2.066 GC heap before
{Heap before GC invocations=4 (full 1):
 PSYoungGen      total 75776K, used 65024K [0x000000076b780000, 0x0000000774b80000, 0x00000007c0000000)
  eden space 65024K, 100% used [0x000000076b780000,0x000000076f700000,0x000000076f700000)
  from space 10752K, 0% used [0x0000000770180000,0x0000000770180000,0x0000000770c00000)
  to   space 10752K, 0% used [0x000000076f700000,0x000000076f700000,0x0000000770180000)
 ParOldGen       total 108544K, used 7587K [0x00000006c2600000, 0x00000006c9000000, 0x000000076b780000)
  object space 108544K, 6% used [0x00000006c2600000,0x00000006c2d68c58,0x00000006c9000000)
 Metaspace       used 28903K, capacity 30434K, committed 30720K, reserved 1075200K
  class space    used 4074K, capacity 4312K, committed 4352K, reserved 1048576K
Event: 2.069 GC heap after
Heap after GC invocations=4 (full 1):
 PSYoungGen      total 75776K, used 9730K [0x000000076b780000, 0x0000000772500000, 0x00000007c0000000)
  eden space 65024K, 0% used [0x000000076b780000,0x000000076b780000,0x000000076f700000)
  from space 10752K, 90% used [0x000000076f700000,0x0000000770080b40,0x0000000770180000)
  to   space 10752K, 0% used [0x0000000771a80000,0x0000000771a80000,0x0000000772500000)
 ParOldGen       total 108544K, used 7595K [0x00000006c2600000, 0x00000006c9000000, 0x000000076b780000)
  object space 108544K, 6% used [0x00000006c2600000,0x00000006c2d6ac58,0x00000006c9000000)
 Metaspace       used 28903K, capacity 30434K, committed 30720K, reserved 1075200K
  class space    used 4074K, capacity 4312K, committed 4352K, reserved 1048576K
}
Event: 2.395 GC heap before
{Heap before GC invocations=5 (full 1):
 PSYoungGen      total 75776K, used 45195K [0x000000076b780000, 0x0000000772500000, 0x00000007c0000000)
  eden space 65024K, 54% used [0x000000076b780000,0x000000076da221e0,0x000000076f700000)
  from space 10752K, 90% used [0x000000076f700000,0x0000000770080b40,0x0000000770180000)
  to   space 10752K, 0% used [0x0000000771a80000,0x0000000771a80000,0x0000000772500000)
 ParOldGen       total 108544K, used 7595K [0x00000006c2600000, 0x00000006c9000000, 0x000000076b780000)
  object space 108544K, 6% used [0x00000006c2600000,0x00000006c2d6ac58,0x00000006c9000000)
 Metaspace       used 33613K, capacity 35432K, committed 35496K, reserved 1079296K
  class space    used 4639K, capacity 4862K, committed 4864K, reserved 1048576K
Event: 2.402 GC heap after
Heap after GC invocations=5 (full 1):
 PSYoungGen      total 101376K, used 9257K [0x000000076b780000, 0x0000000772800000, 0x00000007c0000000)
  eden space 90624K, 0% used [0x000000076b780000,0x000000076b780000,0x0000000771000000)
  from space 10752K, 86% used [0x0000000771a80000,0x000000077238a4b8,0x0000000772500000)
  to   space 10752K, 0% used [0x0000000771000000,0x0000000771000000,0x0000000771a80000)
 ParOldGen       total 108544K, used 7603K [0x00000006c2600000, 0x00000006c9000000, 0x000000076b780000)
  object space 108544K, 7% used [0x00000006c2600000,0x00000006c2d6cc58,0x00000006c9000000)
 Metaspace       used 33613K, capacity 35432K, committed 35496K, reserved 1079296K
  class space    used 4639K, capacity 4862K, committed 4864K, reserved 1048576K
}
Event: 2.402 GC heap before
{Heap before GC invocations=6 (full 2):
 PSYoungGen      total 101376K, used 9257K [0x000000076b780000, 0x0000000772800000, 0x00000007c0000000)
  eden space 90624K, 0% used [0x000000076b780000,0x000000076b780000,0x0000000771000000)
  from space 10752K, 86% used [0x0000000771a80000,0x000000077238a4b8,0x0000000772500000)
  to   space 10752K, 0% used [0x0000000771000000,0x0000000771000000,0x0000000771a80000)
 ParOldGen       total 108544K, used 7603K [0x00000006c2600000, 0x00000006c9000000, 0x000000076b780000)
  object space 108544K, 7% used [0x00000006c2600000,0x00000006c2d6cc58,0x00000006c9000000)
 Metaspace       used 33613K, capacity 35432K, committed 35496K, reserved 1079296K
  class space    used 4639K, capacity 4862K, committed 4864K, reserved 1048576K
Event: 2.425 GC heap after
Heap after GC invocations=6 (full 2):
 PSYoungGen      total 101376K, used 0K [0x000000076b780000, 0x0000000772800000, 0x00000007c0000000)
  eden space 90624K, 0% used [0x000000076b780000,0x000000076b780000,0x0000000771000000)
  from space 10752K, 0% used [0x0000000771a80000,0x0000000771a80000,0x0000000772500000)
  to   space 10752K, 0% used [0x0000000771000000,0x0000000771000000,0x0000000771a80000)
 ParOldGen       total 174080K, used 13456K [0x00000006c2600000, 0x00000006cd000000, 0x000000076b780000)
  object space 174080K, 7% used [0x00000006c2600000,0x00000006c33243b8,0x00000006cd000000)
 Metaspace       used 33610K, capacity 35426K, committed 35496K, reserved 1079296K
  class space    used 4639K, capacity 4861K, committed 4864K, reserved 1048576K
}
Event: 3.268 GC heap before
{Heap before GC invocations=7 (full 2):
 PSYoungGen      total 101376K, used 90624K [0x000000076b780000, 0x0000000772800000, 0x00000007c0000000)
  eden space 90624K, 100% used [0x000000076b780000,0x0000000771000000,0x0000000771000000)
  from space 10752K, 0% used [0x0000000771a80000,0x0000000771a80000,0x0000000772500000)
  to   space 10752K, 0% used [0x0000000771000000,0x0000000771000000,0x0000000771a80000)
 ParOldGen       total 174080K, used 13456K [0x00000006c2600000, 0x00000006cd000000, 0x000000076b780000)
  object space 174080K, 7% used [0x00000006c2600000,0x00000006c33243b8,0x00000006cd000000)
 Metaspace       used 44427K, capacity 47070K, committed 47232K, reserved 1089536K
  class space    used 6175K, capacity 6485K, committed 6528K, reserved 1048576K
Event: 3.275 GC heap after
Heap after GC invocations=7 (full 2):
 PSYoungGen      total 101376K, used 10300K [0x000000076b780000, 0x0000000774900000, 0x00000007c0000000)
  eden space 90624K, 0% used [0x000000076b780000,0x000000076b780000,0x0000000771000000)
  from space 10752K, 95% used [0x0000000771000000,0x0000000771a0f3f8,0x0000000771a80000)
  to   space 11264K, 0% used [0x0000000773e00000,0x0000000773e00000,0x0000000774900000)
 ParOldGen       total 174080K, used 13464K [0x00000006c2600000, 0x00000006cd000000, 0x000000076b780000)
  object space 174080K, 7% used [0x00000006c2600000,0x00000006c33263b8,0x00000006cd000000)
 Metaspace       used 44427K, capacity 47070K, committed 47232K, reserved 1089536K
  class space    used 6175K, capacity 6485K, committed 6528K, reserved 1048576K
}
Event: 4.048 GC heap before
{Heap before GC invocations=8 (full 2):
 PSYoungGen      total 101376K, used 100924K [0x000000076b780000, 0x0000000774900000, 0x00000007c0000000)
  eden space 90624K, 100% used [0x000000076b780000,0x0000000771000000,0x0000000771000000)
  from space 10752K, 95% used [0x0000000771000000,0x0000000771a0f3f8,0x0000000771a80000)
  to   space 11264K, 0% used [0x0000000773e00000,0x0000000773e00000,0x0000000774900000)
 ParOldGen       total 174080K, used 13464K [0x00000006c2600000, 0x00000006cd000000, 0x000000076b780000)
  object space 174080K, 7% used [0x00000006c2600000,0x00000006c33263b8,0x00000006cd000000)
 Metaspace       used 52941K, capacity 56542K, committed 56704K, reserved 1097728K
  class space    used 7479K, capacity 7940K, committed 8064K, reserved 1048576K
Event: 4.056 GC heap after
Heap after GC invocations=8 (full 2):
 PSYoungGen      total 135680K, used 11240K [0x000000076b780000, 0x0000000774d00000, 0x00000007c0000000)
  eden space 124416K, 0% used [0x000000076b780000,0x000000076b780000,0x0000000773100000)
  from space 11264K, 99% used [0x0000000773e00000,0x00000007748fa370,0x0000000774900000)
  to   space 13312K, 0% used [0x0000000773100000,0x0000000773100000,0x0000000773e00000)
 ParOldGen       total 174080K, used 15999K [0x00000006c2600000, 0x00000006cd000000, 0x000000076b780000)
  object space 174080K, 9% used [0x00000006c2600000,0x00000006c359ff60,0x00000006cd000000)
 Metaspace       used 52941K, capacity 56542K, committed 56704K, reserved 1097728K
  class space    used 7479K, capacity 7940K, committed 8064K, reserved 1048576K
}

